-------------------------------------------------------------------------------
Test set: org.nttData.run.TestRunner
-------------------------------------------------------------------------------
Tests run: 1, Failures: 0, Errors: 1, Skipped: 0, Time elapsed: 0.536 sec <<< FAILURE!
Check login functionality(Feature to test functionality)  Time elapsed: 0.117 sec  <<< ERROR!
java.lang.NullPointerException: Cannot invoke "org.openqa.selenium.WebDriver.get(String)" because "org.nttData.common.Common.driver" is null
	at org.nttData.pages.LoginPage.userOnLoginPage(LoginPage.java:17)
	at org.nttData.stepDefinition.Login.userIsOnLoginPage(Login.java:14)
	at ✽.User is on login page(file:///C:/Users/pantaleosa/Desktop/Revolution_Selenium/Revolution_project/src/test/features/login.feature:4)

