<?xml version="1.0" encoding="UTF-8" ?>
<testsuite tests="1" failures="0" name="org.nttData.run.TestRunner" time="0.117" errors="1" skipped="0">
  <properties>
[...]
</properties>
  <testcase classname="Feature to test functionality" name="Check login functionality" time="0.117">
    <error message="Cannot invoke &quot;org.openqa.selenium.WebDriver.get(String)&quot; because &quot;org.nttData.common.Common.driver&quot; is null" type="java.lang.NullPointerException">java.lang.NullPointerException: Cannot invoke &quot;org.openqa.selenium.WebDriver.get(String)&quot; because &quot;org.nttData.common.Common.driver&quot; is null
	at org.nttData.pages.LoginPage.userOnLoginPage(LoginPage.java:17)
	at org.nttData.stepDefinition.Login.userIsOnLoginPage(Login.java:14)
	at ✽.User is on login page(file:///C:/Users/pantaleosa/Desktop/Revolution_Selenium/Revolution_project/src/test/features/login.feature:4)
</error>
  </testcase>
</testsuite>